<?xml version="1.0" encoding="UTF-8"?>
<!-- Generated by org.testng.reporters.JUnitReportReporter -->
<testsuite hostname="DESKTOP-K1KU20A" failures="0" tests="1" name="test.LoginValidation" time="0.185" errors="0" timestamp="2021-07-08T21:49:53 EDT" skipped="0">
  <testcase classname="test.LoginValidation" name="LoginTest" time="0.185"/>
  <system-out/>
</testsuite> <!-- test.LoginValidation -->
