<?xml version="1.0" encoding="UTF-8"?>
<!-- Generated by org.testng.reporters.JUnitReportReporter -->
<testsuite hostname="DESKTOP-K1KU20A" failures="0" tests="2" name="test.ProjectValidation" time="0.011" errors="0" timestamp="2021-07-08T21:49:53 EDT" skipped="0">
  <testcase classname="test.ProjectValidation" name="URLValidation" time="0.006"/>
  <system-out>
    <![CDATA[Actual url is:https://www.facebook.com/
Expected url is:https://www.facebook.com/]]>
  </system-out>
  <testcase classname="test.ProjectValidation" name="titleValidation" time="0.005"/>
  <system-out/>
</testsuite> <!-- test.ProjectValidation -->
